<?xml version="1.0" encoding="UTF-8"?>
<testsuite name="com.yakootah.training.pipes.servlet.SampleServletApplicationTests" time="3.724" tests="2" errors="0" skipped="0" failures="1">
  <properties>
[...]
</properties>
  <testcase name="testHome" classname="com.yakootah.training.pipes.servlet.SampleServletApplicationTests" time="3.715">
    <failure message="expected:&lt;Hello World[]&gt; but was:&lt;Hello World[ - This is Pipe application!]&gt;" type="org.junit.ComparisonFailure"><![CDATA[org.junit.ComparisonFailure: expected:<Hello World[]> but was:<Hello World[ - This is Pipe application!]>
	at org.junit.Assert.assertEquals(Assert.java:115)
	at org.junit.Assert.assertEquals(Assert.java:144)
	at com.yakootah.training.pipes.servlet.SampleServletApplicationTests.testHome(SampleServletApplicationTests.java:65)
]]></failure>
    <system-out>15:47:13.588 [main] DEBUG o.s.t.c.j.SpringJUnit4ClassRunner - SpringJUnit4ClassRunner constructor called with [class com.yakootah.training.pipes.servlet.SampleServletApplicationTests].
15:47:13.644 [main] DEBUG o.s.test.context.ContextLoaderUtils - Found explicit ContextLoader class [org.springframework.boot.test.SpringApplicationContextLoader] for context configuration attributes [ContextConfigurationAttributes@ebaef826 declaringClass = 'com.yakootah.training.pipes.servlet.SampleServletApplicationTests', locations = '{}', classes = '{class com.yakootah.training.pipes.servlet.SampleServletApplication}', inheritLocations = true, initializers = '{}', inheritInitializers = true, name = [null], contextLoaderClass = 'org.springframework.boot.test.SpringApplicationContextLoader']
15:47:13.655 [main] DEBUG o.s.test.context.ContextLoaderUtils - Could not find an 'annotation declaring class' for annotation type [org.springframework.test.context.ActiveProfiles] and class [com.yakootah.training.pipes.servlet.SampleServletApplicationTests]
15:47:13.667 [main] INFO  o.s.test.context.TestContextManager - Could not instantiate TestExecutionListener class [org.springframework.test.context.transaction.TransactionalTestExecutionListener]. Specify custom listener classes or make the default listener classes (and their dependencies) available.
15:47:13.670 [main] DEBUG o.s.t.annotation.ProfileValueUtils - Retrieved @ProfileValueSourceConfiguration [null] for test class [com.yakootah.training.pipes.servlet.SampleServletApplicationTests]
15:47:13.672 [main] DEBUG o.s.t.annotation.ProfileValueUtils - Retrieved ProfileValueSource type [class org.springframework.test.annotation.SystemProfileValueSource] for class [com.yakootah.training.pipes.servlet.SampleServletApplicationTests]
15:47:13.673 [main] DEBUG o.s.t.annotation.ProfileValueUtils - Retrieved @ProfileValueSourceConfiguration [null] for test class [com.yakootah.training.pipes.servlet.SampleServletApplicationTests]
15:47:13.674 [main] DEBUG o.s.t.annotation.ProfileValueUtils - Retrieved ProfileValueSource type [class org.springframework.test.annotation.SystemProfileValueSource] for class [com.yakootah.training.pipes.servlet.SampleServletApplicationTests]
15:47:13.678 [main] DEBUG o.s.t.annotation.ProfileValueUtils - Retrieved @ProfileValueSourceConfiguration [null] for test class [com.yakootah.training.pipes.servlet.SampleServletApplicationTests]
15:47:13.678 [main] DEBUG o.s.t.annotation.ProfileValueUtils - Retrieved ProfileValueSource type [class org.springframework.test.annotation.SystemProfileValueSource] for class [com.yakootah.training.pipes.servlet.SampleServletApplicationTests]
15:47:13.682 [main] DEBUG o.s.t.c.s.DependencyInjectionTestExecutionListener - Performing dependency injection for test context [[DefaultTestContext@ed8ffc21 testClass = SampleServletApplicationTests, testInstance = com.yakootah.training.pipes.servlet.SampleServletApplicationTests@ddb45670, testMethod = [null], testException = [null], mergedContextConfiguration = [WebMergedContextConfiguration@4218063a testClass = SampleServletApplicationTests, locations = '{}', classes = '{class com.yakootah.training.pipes.servlet.SampleServletApplication}', contextInitializerClasses = '[]', activeProfiles = '{}', resourceBasePath = 'src/main/webapp', contextLoader = 'org.springframework.boot.test.SpringApplicationContextLoader', parent = [null]]]].

  .   ____          _            __ _ _
 /\\ / ___'_ __ _ _(_)_ __  __ _ \ \ \ \
( ( )\___ | '_ | '_| | '_ \/ _` | \ \ \ \
 \\/  ___)| |_)| | | | | || (_| |  ) ) ) )
  '  |____| .__|_| |_|_| |_\__, | / / / /
 =========|_|==============|___/=/_/_/_/
 :: Spring Boot ::        (v1.0.2.RELEASE)

2022-12-26 15:47:14.270  INFO 25588 --- [           main] o.a.maven.surefire.booter.ForkedBooter   : Starting ForkedBooter v2.15 on Scorpion with PID 25588 (C:\Users\0G5683649\.m2\repository\org\apache\maven\surefire\surefire-booter\2.15\surefire-booter-2.15.jar started by 0G5683649 in C:\Users\0G5683649\panorama\workspaces\workspace1\pipes)
2022-12-26 15:47:14.312  INFO 25588 --- [           main] ationConfigEmbeddedWebApplicationContext : Refreshing org.springframework.boot.context.embedded.AnnotationConfigEmbeddedWebApplicationContext@1177e34b: startup date [Mon Dec 26 15:47:14 AST 2022]; root of context hierarchy
2022-12-26 15:47:16.073  INFO 25588 --- [           main] .t.TomcatEmbeddedServletContainerFactory : Server initialized with port: 0
2022-12-26 15:47:16.363  INFO 25588 --- [           main] o.apache.catalina.core.StandardService   : Starting service Tomcat
2022-12-26 15:47:16.373  INFO 25588 --- [           main] org.apache.catalina.core.StandardEngine  : Starting Servlet Engine: Apache Tomcat/7.0.52
2022-12-26 15:47:16.507  INFO 25588 --- [ost-startStop-1] o.a.c.c.C.[Tomcat].[localhost].[/]       : Initializing Spring embedded WebApplicationContext
2022-12-26 15:47:16.507  INFO 25588 --- [ost-startStop-1] o.s.web.context.ContextLoader            : Root WebApplicationContext: initialization completed in 2200 ms
2022-12-26 15:47:16.784  INFO 25588 --- [ost-startStop-1] b.a.s.AuthenticationManagerConfiguration : 

Using default password for application endpoints: 04b0e6be-c930-4c32-9da0-17457ad9c249


2022-12-26 15:47:16.848  INFO 25588 --- [ost-startStop-1] o.s.s.web.DefaultSecurityFilterChain     : Creating filter chain: Ant [pattern='/css/**'], []
2022-12-26 15:47:16.849  INFO 25588 --- [ost-startStop-1] o.s.s.web.DefaultSecurityFilterChain     : Creating filter chain: Ant [pattern='/js/**'], []
2022-12-26 15:47:16.850  INFO 25588 --- [ost-startStop-1] o.s.s.web.DefaultSecurityFilterChain     : Creating filter chain: Ant [pattern='/images/**'], []
2022-12-26 15:47:16.850  INFO 25588 --- [ost-startStop-1] o.s.s.web.DefaultSecurityFilterChain     : Creating filter chain: Ant [pattern='/**/favicon.ico'], []
2022-12-26 15:47:16.883  INFO 25588 --- [ost-startStop-1] o.s.s.web.DefaultSecurityFilterChain     : Creating filter chain: OrRequestMatcher [requestMatchers=[Ant [pattern='/**']]], [org.springframework.security.web.context.request.async.WebAsyncManagerIntegrationFilter@e611fbaf, org.springframework.security.web.context.SecurityContextPersistenceFilter@33feaff, org.springframework.security.web.header.HeaderWriterFilter@f3be270c, org.springframework.security.web.authentication.logout.LogoutFilter@78cc1e84, org.springframework.security.web.authentication.www.BasicAuthenticationFilter@9bc34fba, org.springframework.security.web.savedrequest.RequestCacheAwareFilter@9564422e, org.springframework.security.web.servletapi.SecurityContextHolderAwareRequestFilter@e83f0b1c, org.springframework.security.web.session.SessionManagementFilter@a6e8a203, org.springframework.security.web.access.ExceptionTranslationFilter@5bf088a4, org.springframework.security.web.access.intercept.FilterSecurityInterceptor@1936c1ff]
2022-12-26 15:47:16.902  INFO 25588 --- [ost-startStop-1] o.s.b.c.e.ServletRegistrationBean        : Mapping servlet: 'dispatcherServlet' to [/]
2022-12-26 15:47:16.904  INFO 25588 --- [ost-startStop-1] o.s.b.c.embedded.FilterRegistrationBean  : Mapping filter: 'springSecurityFilterChain' to: [/*]
2022-12-26 15:47:17.265  INFO 25588 --- [           main] s.b.c.e.t.TomcatEmbeddedServletContainer : Tomcat started on port(s): 62017/http
2022-12-26 15:47:17.267  INFO 25588 --- [           main] o.a.maven.surefire.booter.ForkedBooter   : Started ForkedBooter in 3.46 seconds (JVM running for 4.217)
2022-12-26 15:47:17.372  WARN 25588 --- [o-auto-1-exec-1] o.s.c.s.ResourceBundleMessageSource      : ResourceBundle [messages] not found for MessageSource: Can't find bundle for base name messages, locale en_CA
</system-out>
  </testcase>
  <testcase name="testHomeIsSecure" classname="com.yakootah.training.pipes.servlet.SampleServletApplicationTests" time="0.009"/>
</testsuite>